

Microchip MPLAB XC8 Assembler V2.32 build 20210201212658 
                                                                                               Thu Feb 17 04:58:12 2022

Microchip MPLAB XC8 C Compiler v2.32 (Free license) build 20210201212658 Og1 
     1                           	processor	16F887
     2                           	pagewidth 120
     3                           	opt	flic
     4                           	psect	cinit,global,class=CODE,merge=1,delta=2
     5                           	psect	bssCOMMON,global,class=COMMON,space=1,delta=1,noexec
     6                           	psect	bssBANK0,global,class=BANK0,space=1,delta=1,noexec
     7                           	psect	cstackCOMMON,global,class=COMMON,space=1,delta=1,noexec
     8                           	psect	cstackBANK0,global,class=BANK0,space=1,delta=1,noexec
     9                           	psect	maintext,global,class=CODE,split=1,delta=2
    10                           	psect	text1,local,class=CODE,merge=1,delta=2
    11                           	psect	text2,local,class=CODE,merge=1,delta=2
    12                           	psect	text3,local,class=CODE,merge=1,delta=2,group=1
    13                           	psect	text4,local,class=CODE,merge=1,delta=2
    14                           	psect	text5,local,class=CODE,merge=1,delta=2
    15                           	psect	text6,local,class=CODE,merge=1,delta=2
    16                           	psect	text7,local,class=CODE,merge=1,delta=2
    17                           	psect	text8,local,class=CODE,merge=1,delta=2
    18                           	psect	intentry,global,class=CODE,delta=2
    19                           	psect	text9,local,class=CODE,merge=1,delta=2
    20                           	psect	config,global,abs,ovrld,class=CONFIG,space=4,delta=2,noexec
    21                           	dabs	1,0x7E,2
    22  0000                     
    23                           ; Version 2.20
    24                           ; Generated 12/02/2020 GMT
    25                           ; 
    26                           ; Copyright © 2020, Microchip Technology Inc. and its subsidiaries ("Microchip")
    27                           ; All rights reserved.
    28                           ; 
    29                           ; This software is developed by Microchip Technology Inc. and its subsidiaries ("Microch
      +                          ip").
    30                           ; 
    31                           ; Redistribution and use in source and binary forms, with or without modification, are
    32                           ; permitted provided that the following conditions are met:
    33                           ; 
    34                           ;     1. Redistributions of source code must retain the above copyright notice, this lis
      +                          t of
    35                           ;        conditions and the following disclaimer.
    36                           ; 
    37                           ;     2. Redistributions in binary form must reproduce the above copyright notice, this 
      +                          list
    38                           ;        of conditions and the following disclaimer in the documentation and/or other
    39                           ;        materials provided with the distribution.
    40                           ; 
    41                           ;     3. Microchip's name may not be used to endorse or promote products derived from th
      +                          is
    42                           ;        software without specific prior written permission.
    43                           ; 
    44                           ; THIS SOFTWARE IS PROVIDED BY MICROCHIP "AS IS" AND ANY EXPRESS OR IMPLIED WARRANTIES,
    45                           ; INCLUDING, BUT NOT LIMITED TO, THE IMPLIED WARRANTIES OF MERCHANTABILITY AND FITNESS F
      +                          OR
    46                           ; PURPOSE ARE DISCLAIMED.  IN NO EVENT SHALL MICROCHIP BE LIABLE FOR ANY DIRECT, INDIREC
      +                          T,
    47                           ; INCIDENTAL, SPECIAL, EXEMPLARY, OR CONSEQUENTIAL DAMAGES (INCLUDING BUT NOT LIMITED TO
    48                           ; PROCUREMENT OF SUBSTITUTE GOODS OR SERVICES; LOSS OF USE, DATA OR PROFITS; OR BUSINESS
    49                           ; INTERRUPTION) HOWSOEVER CAUSED AND ON ANY THEORY OF LIABILITY, WHETHER IN CONTRACT, ST
      +                          RICT
    50                           ; LIABILITY, OR TORT (INCLUDING NEGLIGENCE OR OTHERWISE) ARISING IN ANY WAY OUT OF THE U
      +                          SE OF
    51                           ; THIS SOFTWARE, EVEN IF ADVISED OF THE POSSIBILITY OF SUCH DAMAGE.
    52                           ; 
    53                           ; 
    54                           ; Code-generator required, PIC16F887 Definitions
    55                           ; 
    56                           ; SFR Addresses
    57  0000                     	;# 
    58  0001                     	;# 
    59  0002                     	;# 
    60  0003                     	;# 
    61  0004                     	;# 
    62  0005                     	;# 
    63  0006                     	;# 
    64  0007                     	;# 
    65  0008                     	;# 
    66  0009                     	;# 
    67  000A                     	;# 
    68  000B                     	;# 
    69  000C                     	;# 
    70  000D                     	;# 
    71  000E                     	;# 
    72  000E                     	;# 
    73  000F                     	;# 
    74  0010                     	;# 
    75  0011                     	;# 
    76  0012                     	;# 
    77  0013                     	;# 
    78  0014                     	;# 
    79  0015                     	;# 
    80  0015                     	;# 
    81  0016                     	;# 
    82  0017                     	;# 
    83  0018                     	;# 
    84  0019                     	;# 
    85  001A                     	;# 
    86  001B                     	;# 
    87  001B                     	;# 
    88  001C                     	;# 
    89  001D                     	;# 
    90  001E                     	;# 
    91  001F                     	;# 
    92  0081                     	;# 
    93  0085                     	;# 
    94  0086                     	;# 
    95  0087                     	;# 
    96  0088                     	;# 
    97  0089                     	;# 
    98  008C                     	;# 
    99  008D                     	;# 
   100  008E                     	;# 
   101  008F                     	;# 
   102  0090                     	;# 
   103  0091                     	;# 
   104  0092                     	;# 
   105  0093                     	;# 
   106  0093                     	;# 
   107  0093                     	;# 
   108  0094                     	;# 
   109  0095                     	;# 
   110  0096                     	;# 
   111  0097                     	;# 
   112  0098                     	;# 
   113  0099                     	;# 
   114  009A                     	;# 
   115  009B                     	;# 
   116  009C                     	;# 
   117  009D                     	;# 
   118  009E                     	;# 
   119  009F                     	;# 
   120  0105                     	;# 
   121  0107                     	;# 
   122  0108                     	;# 
   123  0109                     	;# 
   124  010C                     	;# 
   125  010C                     	;# 
   126  010D                     	;# 
   127  010E                     	;# 
   128  010F                     	;# 
   129  0185                     	;# 
   130  0187                     	;# 
   131  0188                     	;# 
   132  0189                     	;# 
   133  018C                     	;# 
   134  018D                     	;# 
   135  0000                     	;# 
   136  0001                     	;# 
   137  0002                     	;# 
   138  0003                     	;# 
   139  0004                     	;# 
   140  0005                     	;# 
   141  0006                     	;# 
   142  0007                     	;# 
   143  0008                     	;# 
   144  0009                     	;# 
   145  000A                     	;# 
   146  000B                     	;# 
   147  000C                     	;# 
   148  000D                     	;# 
   149  000E                     	;# 
   150  000E                     	;# 
   151  000F                     	;# 
   152  0010                     	;# 
   153  0011                     	;# 
   154  0012                     	;# 
   155  0013                     	;# 
   156  0014                     	;# 
   157  0015                     	;# 
   158  0015                     	;# 
   159  0016                     	;# 
   160  0017                     	;# 
   161  0018                     	;# 
   162  0019                     	;# 
   163  001A                     	;# 
   164  001B                     	;# 
   165  001B                     	;# 
   166  001C                     	;# 
   167  001D                     	;# 
   168  001E                     	;# 
   169  001F                     	;# 
   170  0081                     	;# 
   171  0085                     	;# 
   172  0086                     	;# 
   173  0087                     	;# 
   174  0088                     	;# 
   175  0089                     	;# 
   176  008C                     	;# 
   177  008D                     	;# 
   178  008E                     	;# 
   179  008F                     	;# 
   180  0090                     	;# 
   181  0091                     	;# 
   182  0092                     	;# 
   183  0093                     	;# 
   184  0093                     	;# 
   185  0093                     	;# 
   186  0094                     	;# 
   187  0095                     	;# 
   188  0096                     	;# 
   189  0097                     	;# 
   190  0098                     	;# 
   191  0099                     	;# 
   192  009A                     	;# 
   193  009B                     	;# 
   194  009C                     	;# 
   195  009D                     	;# 
   196  009E                     	;# 
   197  009F                     	;# 
   198  0105                     	;# 
   199  0107                     	;# 
   200  0108                     	;# 
   201  0109                     	;# 
   202  010C                     	;# 
   203  010C                     	;# 
   204  010D                     	;# 
   205  010E                     	;# 
   206  010F                     	;# 
   207  0185                     	;# 
   208  0187                     	;# 
   209  0188                     	;# 
   210  0189                     	;# 
   211  018C                     	;# 
   212  018D                     	;# 
   213  0000                     	;# 
   214  0001                     	;# 
   215  0002                     	;# 
   216  0003                     	;# 
   217  0004                     	;# 
   218  0005                     	;# 
   219  0006                     	;# 
   220  0007                     	;# 
   221  0008                     	;# 
   222  0009                     	;# 
   223  000A                     	;# 
   224  000B                     	;# 
   225  000C                     	;# 
   226  000D                     	;# 
   227  000E                     	;# 
   228  000E                     	;# 
   229  000F                     	;# 
   230  0010                     	;# 
   231  0011                     	;# 
   232  0012                     	;# 
   233  0013                     	;# 
   234  0014                     	;# 
   235  0015                     	;# 
   236  0015                     	;# 
   237  0016                     	;# 
   238  0017                     	;# 
   239  0018                     	;# 
   240  0019                     	;# 
   241  001A                     	;# 
   242  001B                     	;# 
   243  001B                     	;# 
   244  001C                     	;# 
   245  001D                     	;# 
   246  001E                     	;# 
   247  001F                     	;# 
   248  0081                     	;# 
   249  0085                     	;# 
   250  0086                     	;# 
   251  0087                     	;# 
   252  0088                     	;# 
   253  0089                     	;# 
   254  008C                     	;# 
   255  008D                     	;# 
   256  008E                     	;# 
   257  008F                     	;# 
   258  0090                     	;# 
   259  0091                     	;# 
   260  0092                     	;# 
   261  0093                     	;# 
   262  0093                     	;# 
   263  0093                     	;# 
   264  0094                     	;# 
   265  0095                     	;# 
   266  0096                     	;# 
   267  0097                     	;# 
   268  0098                     	;# 
   269  0099                     	;# 
   270  009A                     	;# 
   271  009B                     	;# 
   272  009C                     	;# 
   273  009D                     	;# 
   274  009E                     	;# 
   275  009F                     	;# 
   276  0105                     	;# 
   277  0107                     	;# 
   278  0108                     	;# 
   279  0109                     	;# 
   280  010C                     	;# 
   281  010C                     	;# 
   282  010D                     	;# 
   283  010E                     	;# 
   284  010F                     	;# 
   285  0185                     	;# 
   286  0187                     	;# 
   287  0188                     	;# 
   288  0189                     	;# 
   289  018C                     	;# 
   290  018D                     	;# 
   291  0014                     _SSPCONbits	set	20
   292  000B                     _INTCONbits	set	11
   293  0008                     _PORTD	set	8
   294  0007                     _PORTC	set	7
   295  0006                     _PORTB	set	6
   296  0005                     _PORTA	set	5
   297  0006                     _PORTBbits	set	6
   298  001F                     _ADCON0bits	set	31
   299  0013                     _SSPBUF	set	19
   300  001E                     _ADRESH	set	30
   301  000C                     _PIR1bits	set	12
   302  0094                     _SSPSTATbits	set	148
   303  009F                     _ADCON1bits	set	159
   304  008C                     _PIE1bits	set	140
   305  008F                     _OSCCONbits	set	143
   306  0088                     _TRISD	set	136
   307  0087                     _TRISCbits	set	135
   308  0085                     _TRISAbits	set	133
   309  0086                     _TRISBbits	set	134
   310  009E                     _ADRESL	set	158
   311  0189                     _ANSELH	set	393
   312  0188                     _ANSEL	set	392
   313                           
   314                           	psect	cinit
   315  000F                     start_initialization:	
   316                           ; #config settings
   317                           
   318  000F                     __initialization:
   319                           
   320                           ; Clear objects allocated to COMMON
   321  000F  01F9               	clrf	__pbssCOMMON& (0+127)
   322                           
   323                           ; Clear objects allocated to BANK0
   324  0010  1283               	bcf	3,5	;RP0=0, select bank0
   325  0011  1303               	bcf	3,6	;RP1=0, select bank0
   326  0012  01AC               	clrf	__pbssBANK0& (0+127)
   327  0013  01AD               	clrf	(__pbssBANK0+1)& (0+127)
   328  0014  01AE               	clrf	(__pbssBANK0+2)& (0+127)
   329  0015  01AF               	clrf	(__pbssBANK0+3)& (0+127)
   330  0016                     end_of_initialization:	
   331                           ;End of C runtime variable initialization code
   332                           
   333  0016                     __end_of__initialization:
   334  0016  0183               	clrf	3
   335  0017  120A  118A  281A   	ljmp	_main	;jump to C main() function
   336                           
   337                           	psect	bssCOMMON
   338  0079                     __pbssCOMMON:
   339  0079                     _lectura:
   340  0079                     	ds	1
   341                           
   342                           	psect	bssBANK0
   343  002C                     __pbssBANK0:
   344  002C                     _adres_map:
   345  002C                     	ds	2
   346  002E                     _adres_aux:
   347  002E                     	ds	2
   348                           
   349                           	psect	cstackCOMMON
   350  0070                     __pcstackCOMMON:
   351  0070                     ?_spi_Read:
   352  0070                     ??_spi_Read:	
   353                           ; 1 bytes @ 0x0
   354                           
   355  0070                     ?_config_reloj:	
   356                           ; 1 bytes @ 0x0
   357                           
   358  0070                     ?_config_io:	
   359                           ; 1 bytes @ 0x0
   360                           
   361  0070                     ?_config_int:	
   362                           ; 1 bytes @ 0x0
   363                           
   364  0070                     ?_spi_Slave:	
   365                           ; 1 bytes @ 0x0
   366                           
   367  0070                     ?_config_adc:	
   368                           ; 1 bytes @ 0x0
   369                           
   370  0070                     ?_isr:	
   371                           ; 1 bytes @ 0x0
   372                           
   373  0070                     ??_isr:	
   374                           ; 1 bytes @ 0x0
   375                           
   376  0070                     ?_main:	
   377                           ; 1 bytes @ 0x0
   378                           
   379                           
   380                           ; 1 bytes @ 0x0
   381  0070                     	ds	4
   382  0074                     ??_config_reloj:
   383  0074                     ??_config_io:	
   384                           ; 1 bytes @ 0x4
   385                           
   386  0074                     ??_config_int:	
   387                           ; 1 bytes @ 0x4
   388                           
   389  0074                     ??_spi_Slave:	
   390                           ; 1 bytes @ 0x4
   391                           
   392  0074                     ??_config_adc:	
   393                           ; 1 bytes @ 0x4
   394                           
   395  0074                     ?___wmul:	
   396                           ; 1 bytes @ 0x4
   397                           
   398  0074                     ___wmul@multiplier:	
   399                           ; 2 bytes @ 0x4
   400                           
   401                           
   402                           ; 2 bytes @ 0x4
   403  0074                     	ds	2
   404  0076                     ___wmul@multiplicand:
   405                           
   406                           ; 2 bytes @ 0x6
   407  0076                     	ds	2
   408  0078                     ??_main:
   409  0078                     ??___wmul:	
   410                           ; 1 bytes @ 0x8
   411                           
   412                           
   413                           ; 1 bytes @ 0x8
   414  0078                     	ds	1
   415                           
   416                           	psect	cstackBANK0
   417  0020                     __pcstackBANK0:
   418  0020                     ___wmul@product:
   419                           
   420                           ; 2 bytes @ 0x0
   421  0020                     	ds	2
   422  0022                     ?_map:
   423  0022                     map@num:	
   424                           ; 4 bytes @ 0x2
   425                           
   426                           
   427                           ; 2 bytes @ 0x2
   428  0022                     	ds	4
   429  0026                     ??_map:
   430                           
   431                           ; 1 bytes @ 0x6
   432  0026                     	ds	2
   433  0028                     map@res:
   434                           
   435                           ; 4 bytes @ 0x8
   436  0028                     	ds	4
   437                           
   438                           	psect	maintext
   439  001A                     __pmaintext:	
   440 ;;
   441 ;;Main: autosize = 0, tempsize = 1, incstack = 0, save=0
   442 ;;
   443 ;; *************** function _main *****************
   444 ;; Defined at:
   445 ;;		line 79 in file "D2_SPI_Slave3.c"
   446 ;; Parameters:    Size  Location     Type
   447 ;;		None
   448 ;; Auto vars:     Size  Location     Type
   449 ;;		None
   450 ;; Return value:  Size  Location     Type
   451 ;;                  1    wreg      void 
   452 ;; Registers used:
   453 ;;		wreg, status,2, status,0, pclath, cstack
   454 ;; Tracked objects:
   455 ;;		On entry : B00/0
   456 ;;		On exit  : 0/0
   457 ;;		Unchanged: 0/0
   458 ;; Data sizes:     COMMON   BANK0   BANK1   BANK3   BANK2
   459 ;;      Params:         0       0       0       0       0
   460 ;;      Locals:         0       0       0       0       0
   461 ;;      Temps:          1       0       0       0       0
   462 ;;      Totals:         1       0       0       0       0
   463 ;;Total ram usage:        1 bytes
   464 ;; Hardware stack levels required when called: 4
   465 ;; This function calls:
   466 ;;		_config_adc
   467 ;;		_config_int
   468 ;;		_config_io
   469 ;;		_config_reloj
   470 ;;		_map
   471 ;;		_spi_Slave
   472 ;; This function is called by:
   473 ;;		Startup code after reset
   474 ;; This function uses a non-reentrant model
   475 ;;
   476                           
   477                           
   478                           ;psect for function _main
   479  001A                     _main:
   480  001A                     l973:	
   481                           ;incstack = 0
   482                           ; Regs used in _main: [wreg+status,2+status,0+pclath+cstack]
   483                           
   484                           
   485                           ;D2_SPI_Slave3.c: 81:     config_reloj();
   486  001A  120A  118A  2153  120A  118A  	fcall	_config_reloj
   487  001F                     l975:
   488                           
   489                           ;D2_SPI_Slave3.c: 82:     config_io();
   490  001F  120A  118A  2116  120A  118A  	fcall	_config_io
   491  0024                     l977:
   492                           
   493                           ;D2_SPI_Slave3.c: 83:     config_int();
   494  0024  120A  118A  214A  120A  118A  	fcall	_config_int
   495                           
   496                           ;D2_SPI_Slave3.c: 84:     spi_Slave();
   497  0029  120A  118A  212D  120A  118A  	fcall	_spi_Slave
   498                           
   499                           ;D2_SPI_Slave3.c: 85:     config_adc();
   500  002E  120A  118A  20FD  120A  118A  	fcall	_config_adc
   501  0033                     l979:
   502                           
   503                           ;D2_SPI_Slave3.c: 88:     {;D2_SPI_Slave3.c: 89:         if(!ADCON0bits.GO)
   504  0033  1283               	bcf	3,5	;RP0=0, select bank0
   505  0034  1303               	bcf	3,6	;RP1=0, select bank0
   506  0035  189F               	btfsc	31,1	;volatile
   507  0036  2838               	goto	u251
   508  0037  2839               	goto	u250
   509  0038                     u251:
   510  0038  2841               	goto	l985
   511  0039                     u250:
   512  0039                     l981:
   513                           
   514                           ;D2_SPI_Slave3.c: 90:         {;D2_SPI_Slave3.c: 91:             _delay((unsigned long)(
      +                          (50)*(4000000/4000000.0)));
   515  0039  3010               	movlw	16
   516  003A  00F8               	movwf	??_main
   517  003B                     u287:
   518  003B  0BF8               	decfsz	??_main,f
   519  003C  283B               	goto	u287
   520  003D  0000               	nop
   521  003E                     l983:
   522                           
   523                           ;D2_SPI_Slave3.c: 92:             ADCON0bits.GO = 1;
   524  003E  1283               	bcf	3,5	;RP0=0, select bank0
   525  003F  1303               	bcf	3,6	;RP1=0, select bank0
   526  0040  149F               	bsf	31,1	;volatile
   527  0041                     l985:
   528                           
   529                           ;D2_SPI_Slave3.c: 95:         adres_map = map(adres_aux);
   530  0041  082F               	movf	_adres_aux+1,w
   531  0042  00A3               	movwf	map@num+1
   532  0043  082E               	movf	_adres_aux,w
   533  0044  00A2               	movwf	map@num
   534  0045  120A  118A  20D6  120A  118A  	fcall	_map
   535  004A  1283               	bcf	3,5	;RP0=0, select bank0
   536  004B  1303               	bcf	3,6	;RP1=0, select bank0
   537  004C  0823               	movf	?_map+1,w
   538  004D  00AD               	movwf	_adres_map+1
   539  004E  0822               	movf	?_map,w
   540  004F  00AC               	movwf	_adres_map
   541  0050                     l987:
   542                           
   543                           ;D2_SPI_Slave3.c: 97:         if(adres_map <= 23){
   544  0050  3000               	movlw	0
   545  0051  022D               	subwf	_adres_map+1,w
   546  0052  3018               	movlw	24
   547  0053  1903               	skipnz
   548  0054  022C               	subwf	_adres_map,w
   549  0055  1803               	skipnc
   550  0056  2858               	goto	u261
   551  0057  2859               	goto	u260
   552  0058                     u261:
   553  0058  285D               	goto	l991
   554  0059                     u260:
   555  0059                     l989:
   556                           
   557                           ;D2_SPI_Slave3.c: 98:             PORTBbits.RB7 = 0;
   558  0059  1386               	bcf	6,7	;volatile
   559                           
   560                           ;D2_SPI_Slave3.c: 99:             PORTBbits.RB5 = 0;
   561  005A  1286               	bcf	6,5	;volatile
   562                           
   563                           ;D2_SPI_Slave3.c: 100:             PORTBbits.RB3 = 1;
   564  005B  1586               	bsf	6,3	;volatile
   565                           
   566                           ;D2_SPI_Slave3.c: 101:         }else if (adres_map < 28){
   567  005C  2833               	goto	l979
   568  005D                     l991:
   569  005D  3000               	movlw	0
   570  005E  022D               	subwf	_adres_map+1,w
   571  005F  301C               	movlw	28
   572  0060  1903               	skipnz
   573  0061  022C               	subwf	_adres_map,w
   574  0062  1803               	skipnc
   575  0063  2865               	goto	u271
   576  0064  2866               	goto	u270
   577  0065                     u271:
   578  0065  286A               	goto	l78
   579  0066                     u270:
   580  0066                     l993:
   581                           
   582                           ;D2_SPI_Slave3.c: 102:             PORTBbits.RB7 = 0;
   583  0066  1386               	bcf	6,7	;volatile
   584                           
   585                           ;D2_SPI_Slave3.c: 103:             PORTBbits.RB5 = 1;
   586  0067  1686               	bsf	6,5	;volatile
   587                           
   588                           ;D2_SPI_Slave3.c: 104:             PORTBbits.RB3 = 0;
   589  0068  1186               	bcf	6,3	;volatile
   590                           
   591                           ;D2_SPI_Slave3.c: 105:         }else{
   592  0069  2833               	goto	l979
   593  006A                     l78:
   594                           
   595                           ;D2_SPI_Slave3.c: 106:             PORTBbits.RB7 = 1;
   596  006A  1786               	bsf	6,7	;volatile
   597                           
   598                           ;D2_SPI_Slave3.c: 107:             PORTBbits.RB5 = 0;
   599  006B  1286               	bcf	6,5	;volatile
   600                           
   601                           ;D2_SPI_Slave3.c: 108:             PORTBbits.RB3 = 0;
   602  006C  1186               	bcf	6,3	;volatile
   603  006D  2833               	goto	l979
   604  006E  120A  118A  280C   	ljmp	start
   605  0071                     __end_of_main:
   606                           
   607                           	psect	text1
   608  012D                     __ptext1:	
   609 ;; *************** function _spi_Slave *****************
   610 ;; Defined at:
   611 ;;		line 13 in file "SPI.c"
   612 ;; Parameters:    Size  Location     Type
   613 ;;		None
   614 ;; Auto vars:     Size  Location     Type
   615 ;;		None
   616 ;; Return value:  Size  Location     Type
   617 ;;                  1    wreg      void 
   618 ;; Registers used:
   619 ;;		wreg, status,2, status,0
   620 ;; Tracked objects:
   621 ;;		On entry : 0/0
   622 ;;		On exit  : 0/0
   623 ;;		Unchanged: 0/0
   624 ;; Data sizes:     COMMON   BANK0   BANK1   BANK3   BANK2
   625 ;;      Params:         0       0       0       0       0
   626 ;;      Locals:         0       0       0       0       0
   627 ;;      Temps:          0       0       0       0       0
   628 ;;      Totals:         0       0       0       0       0
   629 ;;Total ram usage:        0 bytes
   630 ;; Hardware stack levels used: 1
   631 ;; Hardware stack levels required when called: 2
   632 ;; This function calls:
   633 ;;		Nothing
   634 ;; This function is called by:
   635 ;;		_main
   636 ;; This function uses a non-reentrant model
   637 ;;
   638                           
   639                           
   640                           ;psect for function _spi_Slave
   641  012D                     _spi_Slave:
   642  012D                     l889:	
   643                           ;incstack = 0
   644                           ; Regs used in _spi_Slave: [wreg+status,2+status,0]
   645                           
   646                           
   647                           ;SPI.c: 15:     SSPSTATbits.SMP = 0;
   648  012D  1683               	bsf	3,5	;RP0=1, select bank1
   649  012E  1303               	bcf	3,6	;RP1=0, select bank1
   650  012F  1394               	bcf	20,7	;volatile
   651                           
   652                           ;SPI.c: 16:     SSPSTATbits.CKE = 0;
   653  0130  1314               	bcf	20,6	;volatile
   654                           
   655                           ;SPI.c: 18:     SSPCONbits.SSPEN = 1;
   656  0131  1283               	bcf	3,5	;RP0=0, select bank0
   657  0132  1303               	bcf	3,6	;RP1=0, select bank0
   658  0133  1694               	bsf	20,5	;volatile
   659                           
   660                           ;SPI.c: 19:     SSPCONbits.CKP = 0;
   661  0134  1214               	bcf	20,4	;volatile
   662  0135                     l891:
   663                           
   664                           ;SPI.c: 20:     SSPCONbits.SSPM = 0b0100;
   665  0135  0814               	movf	20,w	;volatile
   666  0136  39F0               	andlw	-16
   667  0137  3804               	iorlw	4
   668  0138  0094               	movwf	20	;volatile
   669  0139                     l893:
   670                           
   671                           ;SPI.c: 22:     PIE1bits.SSPIE = 1;
   672  0139  1683               	bsf	3,5	;RP0=1, select bank1
   673  013A  1303               	bcf	3,6	;RP1=0, select bank1
   674  013B  158C               	bsf	12,3	;volatile
   675  013C                     l895:
   676                           
   677                           ;SPI.c: 23:     PIR1bits.SSPIF = 0;
   678  013C  1283               	bcf	3,5	;RP0=0, select bank0
   679  013D  1303               	bcf	3,6	;RP1=0, select bank0
   680  013E  118C               	bcf	12,3	;volatile
   681  013F                     l113:
   682  013F  0008               	return
   683  0140                     __end_of_spi_Slave:
   684                           
   685                           	psect	text2
   686  00D6                     __ptext2:	
   687 ;; *************** function _map *****************
   688 ;; Defined at:
   689 ;;		line 172 in file "D2_SPI_Slave3.c"
   690 ;; Parameters:    Size  Location     Type
   691 ;;  num             2    2[BANK0 ] unsigned int 
   692 ;; Auto vars:     Size  Location     Type
   693 ;;  res             4    8[BANK0 ] unsigned long 
   694 ;; Return value:  Size  Location     Type
   695 ;;                  4    2[BANK0 ] unsigned long 
   696 ;; Registers used:
   697 ;;		wreg, status,2, status,0, pclath, cstack
   698 ;; Tracked objects:
   699 ;;		On entry : 0/0
   700 ;;		On exit  : 0/0
   701 ;;		Unchanged: 0/0
   702 ;; Data sizes:     COMMON   BANK0   BANK1   BANK3   BANK2
   703 ;;      Params:         0       4       0       0       0
   704 ;;      Locals:         0       4       0       0       0
   705 ;;      Temps:          0       2       0       0       0
   706 ;;      Totals:         0      10       0       0       0
   707 ;;Total ram usage:       10 bytes
   708 ;; Hardware stack levels used: 1
   709 ;; Hardware stack levels required when called: 3
   710 ;; This function calls:
   711 ;;		___wmul
   712 ;; This function is called by:
   713 ;;		_main
   714 ;; This function uses a non-reentrant model
   715 ;;
   716                           
   717                           
   718                           ;psect for function _map
   719  00D6                     _map:
   720  00D6                     l967:	
   721                           ;incstack = 0
   722                           ; Regs used in _map: [wreg+status,2+status,0+pclath+cstack]
   723                           
   724                           
   725                           ;D2_SPI_Slave3.c: 172: uint32_t map(uint16_t num);D2_SPI_Slave3.c: 173: {;D2_SPI_Slave3.
      +                          c: 174:     uint32_t res;;D2_SPI_Slave3.c: 175:     res = num*125/256;
   726  00D6  1283               	bcf	3,5	;RP0=0, select bank0
   727  00D7  1303               	bcf	3,6	;RP1=0, select bank0
   728  00D8  0823               	movf	map@num+1,w
   729  00D9  00F5               	movwf	___wmul@multiplier+1
   730  00DA  0822               	movf	map@num,w
   731  00DB  00F4               	movwf	___wmul@multiplier
   732  00DC  307D               	movlw	125
   733  00DD  00F6               	movwf	___wmul@multiplicand
   734  00DE  3000               	movlw	0
   735  00DF  00F7               	movwf	___wmul@multiplicand+1
   736  00E0  120A  118A  20AB  120A  118A  	fcall	___wmul
   737  00E5  0874               	movf	?___wmul,w
   738  00E6  1283               	bcf	3,5	;RP0=0, select bank0
   739  00E7  1303               	bcf	3,6	;RP1=0, select bank0
   740  00E8  00A6               	movwf	??_map
   741  00E9  0875               	movf	?___wmul+1,w
   742  00EA  00A7               	movwf	??_map+1
   743  00EB  0827               	movf	??_map+1,w
   744  00EC  00A6               	movwf	??_map
   745  00ED  01A7               	clrf	??_map+1
   746  00EE  0826               	movf	??_map,w
   747  00EF  00A8               	movwf	map@res
   748  00F0  0827               	movf	??_map+1,w
   749  00F1  00A9               	movwf	map@res+1
   750  00F2  01AA               	clrf	map@res+2
   751  00F3  01AB               	clrf	map@res+3
   752  00F4                     l969:
   753                           
   754                           ;D2_SPI_Slave3.c: 176:     return res;
   755  00F4  082B               	movf	map@res+3,w
   756  00F5  00A5               	movwf	?_map+3
   757  00F6  082A               	movf	map@res+2,w
   758  00F7  00A4               	movwf	?_map+2
   759  00F8  0829               	movf	map@res+1,w
   760  00F9  00A3               	movwf	?_map+1
   761  00FA  0828               	movf	map@res,w
   762  00FB  00A2               	movwf	?_map
   763  00FC                     l97:
   764  00FC  0008               	return
   765  00FD                     __end_of_map:
   766                           
   767                           	psect	text3
   768  00AB                     __ptext3:	
   769 ;; *************** function ___wmul *****************
   770 ;; Defined at:
   771 ;;		line 15 in file "C:\Program Files\Microchip\xc8\v2.32\pic\sources\c90\common\Umul16.c"
   772 ;; Parameters:    Size  Location     Type
   773 ;;  multiplier      2    4[COMMON] unsigned int 
   774 ;;  multiplicand    2    6[COMMON] unsigned int 
   775 ;; Auto vars:     Size  Location     Type
   776 ;;  product         2    0[BANK0 ] unsigned int 
   777 ;; Return value:  Size  Location     Type
   778 ;;                  2    4[COMMON] unsigned int 
   779 ;; Registers used:
   780 ;;		wreg, status,2, status,0
   781 ;; Tracked objects:
   782 ;;		On entry : 0/0
   783 ;;		On exit  : 0/0
   784 ;;		Unchanged: 0/0
   785 ;; Data sizes:     COMMON   BANK0   BANK1   BANK3   BANK2
   786 ;;      Params:         4       0       0       0       0
   787 ;;      Locals:         0       2       0       0       0
   788 ;;      Temps:          0       0       0       0       0
   789 ;;      Totals:         4       2       0       0       0
   790 ;;Total ram usage:        6 bytes
   791 ;; Hardware stack levels used: 1
   792 ;; Hardware stack levels required when called: 2
   793 ;; This function calls:
   794 ;;		Nothing
   795 ;; This function is called by:
   796 ;;		_map
   797 ;; This function uses a non-reentrant model
   798 ;;
   799                           
   800                           
   801                           ;psect for function ___wmul
   802  00AB                     ___wmul:
   803  00AB                     l953:	
   804                           ;incstack = 0
   805                           ; Regs used in ___wmul: [wreg+status,2+status,0]
   806                           
   807  00AB  1283               	bcf	3,5	;RP0=0, select bank0
   808  00AC  1303               	bcf	3,6	;RP1=0, select bank0
   809  00AD  01A0               	clrf	___wmul@product
   810  00AE  01A1               	clrf	___wmul@product+1
   811  00AF                     l955:
   812  00AF  1C74               	btfss	___wmul@multiplier,0
   813  00B0  28B2               	goto	u211
   814  00B1  28B3               	goto	u210
   815  00B2                     u211:
   816  00B2  28BB               	goto	l205
   817  00B3                     u210:
   818  00B3                     l957:
   819  00B3  0876               	movf	___wmul@multiplicand,w
   820  00B4  1283               	bcf	3,5	;RP0=0, select bank0
   821  00B5  1303               	bcf	3,6	;RP1=0, select bank0
   822  00B6  07A0               	addwf	___wmul@product,f
   823  00B7  1803               	skipnc
   824  00B8  0AA1               	incf	___wmul@product+1,f
   825  00B9  0877               	movf	___wmul@multiplicand+1,w
   826  00BA  07A1               	addwf	___wmul@product+1,f
   827  00BB                     l205:
   828  00BB  3001               	movlw	1
   829  00BC                     u225:
   830  00BC  1003               	clrc
   831  00BD  0DF6               	rlf	___wmul@multiplicand,f
   832  00BE  0DF7               	rlf	___wmul@multiplicand+1,f
   833  00BF  3EFF               	addlw	-1
   834  00C0  1D03               	skipz
   835  00C1  28BC               	goto	u225
   836  00C2                     l959:
   837  00C2  3001               	movlw	1
   838  00C3                     u235:
   839  00C3  1003               	clrc
   840  00C4  0CF5               	rrf	___wmul@multiplier+1,f
   841  00C5  0CF4               	rrf	___wmul@multiplier,f
   842  00C6  3EFF               	addlw	-1
   843  00C7  1D03               	skipz
   844  00C8  28C3               	goto	u235
   845  00C9                     l961:
   846  00C9  0874               	movf	___wmul@multiplier,w
   847  00CA  0475               	iorwf	___wmul@multiplier+1,w
   848  00CB  1D03               	btfss	3,2
   849  00CC  28CE               	goto	u241
   850  00CD  28CF               	goto	u240
   851  00CE                     u241:
   852  00CE  28AF               	goto	l955
   853  00CF                     u240:
   854  00CF                     l963:
   855  00CF  1283               	bcf	3,5	;RP0=0, select bank0
   856  00D0  1303               	bcf	3,6	;RP1=0, select bank0
   857  00D1  0821               	movf	___wmul@product+1,w
   858  00D2  00F5               	movwf	?___wmul+1
   859  00D3  0820               	movf	___wmul@product,w
   860  00D4  00F4               	movwf	?___wmul
   861  00D5                     l207:
   862  00D5  0008               	return
   863  00D6                     __end_of___wmul:
   864                           
   865                           	psect	text4
   866  0153                     __ptext4:	
   867 ;; *************** function _config_reloj *****************
   868 ;; Defined at:
   869 ;;		line 139 in file "D2_SPI_Slave3.c"
   870 ;; Parameters:    Size  Location     Type
   871 ;;		None
   872 ;; Auto vars:     Size  Location     Type
   873 ;;		None
   874 ;; Return value:  Size  Location     Type
   875 ;;                  1    wreg      void 
   876 ;; Registers used:
   877 ;;		None
   878 ;; Tracked objects:
   879 ;;		On entry : 0/0
   880 ;;		On exit  : 0/0
   881 ;;		Unchanged: 0/0
   882 ;; Data sizes:     COMMON   BANK0   BANK1   BANK3   BANK2
   883 ;;      Params:         0       0       0       0       0
   884 ;;      Locals:         0       0       0       0       0
   885 ;;      Temps:          0       0       0       0       0
   886 ;;      Totals:         0       0       0       0       0
   887 ;;Total ram usage:        0 bytes
   888 ;; Hardware stack levels used: 1
   889 ;; Hardware stack levels required when called: 2
   890 ;; This function calls:
   891 ;;		Nothing
   892 ;; This function is called by:
   893 ;;		_main
   894 ;; This function uses a non-reentrant model
   895 ;;
   896                           
   897                           
   898                           ;psect for function _config_reloj
   899  0153                     _config_reloj:
   900  0153                     l855:	
   901                           ;incstack = 0
   902                           ; Regs used in _config_reloj: []
   903                           
   904                           
   905                           ;D2_SPI_Slave3.c: 141:     OSCCONbits.IRCF2 = 1;
   906  0153  1683               	bsf	3,5	;RP0=1, select bank1
   907  0154  1303               	bcf	3,6	;RP1=0, select bank1
   908  0155  170F               	bsf	15,6	;volatile
   909                           
   910                           ;D2_SPI_Slave3.c: 142:     OSCCONbits.IRCF1 = 1;
   911  0156  168F               	bsf	15,5	;volatile
   912                           
   913                           ;D2_SPI_Slave3.c: 143:     OSCCONbits.IRCF0 = 0;
   914  0157  120F               	bcf	15,4	;volatile
   915                           
   916                           ;D2_SPI_Slave3.c: 144:     OSCCONbits.SCS = 1;
   917  0158  140F               	bsf	15,0	;volatile
   918  0159                     l88:	
   919                           ;D2_SPI_Slave3.c: 145:     return;
   920                           
   921  0159  0008               	return
   922  015A                     __end_of_config_reloj:
   923                           
   924                           	psect	text5
   925  0116                     __ptext5:	
   926 ;; *************** function _config_io *****************
   927 ;; Defined at:
   928 ;;		line 116 in file "D2_SPI_Slave3.c"
   929 ;; Parameters:    Size  Location     Type
   930 ;;		None
   931 ;; Auto vars:     Size  Location     Type
   932 ;;		None
   933 ;; Return value:  Size  Location     Type
   934 ;;                  1    wreg      void 
   935 ;; Registers used:
   936 ;;		wreg, status,2
   937 ;; Tracked objects:
   938 ;;		On entry : 0/0
   939 ;;		On exit  : 0/0
   940 ;;		Unchanged: 0/0
   941 ;; Data sizes:     COMMON   BANK0   BANK1   BANK3   BANK2
   942 ;;      Params:         0       0       0       0       0
   943 ;;      Locals:         0       0       0       0       0
   944 ;;      Temps:          0       0       0       0       0
   945 ;;      Totals:         0       0       0       0       0
   946 ;;Total ram usage:        0 bytes
   947 ;; Hardware stack levels used: 1
   948 ;; Hardware stack levels required when called: 2
   949 ;; This function calls:
   950 ;;		Nothing
   951 ;; This function is called by:
   952 ;;		_main
   953 ;; This function uses a non-reentrant model
   954 ;;
   955                           
   956                           
   957                           ;psect for function _config_io
   958  0116                     _config_io:
   959  0116                     l857:	
   960                           ;incstack = 0
   961                           ; Regs used in _config_io: [wreg+status,2]
   962                           
   963                           
   964                           ;D2_SPI_Slave3.c: 118:     ANSEL = 0;
   965  0116  1683               	bsf	3,5	;RP0=1, select bank3
   966  0117  1703               	bsf	3,6	;RP1=1, select bank3
   967  0118  0188               	clrf	8	;volatile
   968  0119                     l859:
   969                           
   970                           ;D2_SPI_Slave3.c: 119:     ANSELH = 0b00010000;
   971  0119  3010               	movlw	16
   972  011A  0089               	movwf	9	;volatile
   973  011B                     l861:
   974                           
   975                           ;D2_SPI_Slave3.c: 121:     TRISBbits.TRISB0 = 1;
   976  011B  1683               	bsf	3,5	;RP0=1, select bank1
   977  011C  1303               	bcf	3,6	;RP1=0, select bank1
   978  011D  1406               	bsf	6,0	;volatile
   979  011E                     l863:
   980                           
   981                           ;D2_SPI_Slave3.c: 122:     TRISBbits.TRISB3 = 0;
   982  011E  1186               	bcf	6,3	;volatile
   983  011F                     l865:
   984                           
   985                           ;D2_SPI_Slave3.c: 123:     TRISBbits.TRISB5 = 0;
   986  011F  1286               	bcf	6,5	;volatile
   987  0120                     l867:
   988                           
   989                           ;D2_SPI_Slave3.c: 124:     TRISBbits.TRISB7 = 0;
   990  0120  1386               	bcf	6,7	;volatile
   991  0121                     l869:
   992                           
   993                           ;D2_SPI_Slave3.c: 126:     TRISAbits.TRISA5 = 1;
   994  0121  1685               	bsf	5,5	;volatile
   995  0122                     l871:
   996                           
   997                           ;D2_SPI_Slave3.c: 128:     TRISCbits.TRISC3 = 1;
   998  0122  1587               	bsf	7,3	;volatile
   999  0123                     l873:
  1000                           
  1001                           ;D2_SPI_Slave3.c: 129:     TRISCbits.TRISC4 = 1;
  1002  0123  1607               	bsf	7,4	;volatile
  1003  0124                     l875:
  1004                           
  1005                           ;D2_SPI_Slave3.c: 130:     TRISCbits.TRISC5 = 0;
  1006  0124  1287               	bcf	7,5	;volatile
  1007  0125                     l877:
  1008                           
  1009                           ;D2_SPI_Slave3.c: 131:     TRISD = 0;
  1010  0125  0188               	clrf	8	;volatile
  1011  0126                     l879:
  1012                           
  1013                           ;D2_SPI_Slave3.c: 133:     PORTA = 0;
  1014  0126  1283               	bcf	3,5	;RP0=0, select bank0
  1015  0127  1303               	bcf	3,6	;RP1=0, select bank0
  1016  0128  0185               	clrf	5	;volatile
  1017  0129                     l881:
  1018                           
  1019                           ;D2_SPI_Slave3.c: 134:     PORTB = 0;
  1020  0129  0186               	clrf	6	;volatile
  1021  012A                     l883:
  1022                           
  1023                           ;D2_SPI_Slave3.c: 135:     PORTC = 0;
  1024  012A  0187               	clrf	7	;volatile
  1025  012B                     l885:
  1026                           
  1027                           ;D2_SPI_Slave3.c: 136:     PORTD = 0;
  1028  012B  0188               	clrf	8	;volatile
  1029  012C                     l85:
  1030  012C  0008               	return
  1031  012D                     __end_of_config_io:
  1032                           
  1033                           	psect	text6
  1034  014A                     __ptext6:	
  1035 ;; *************** function _config_int *****************
  1036 ;; Defined at:
  1037 ;;		line 148 in file "D2_SPI_Slave3.c"
  1038 ;; Parameters:    Size  Location     Type
  1039 ;;		None
  1040 ;; Auto vars:     Size  Location     Type
  1041 ;;		None
  1042 ;; Return value:  Size  Location     Type
  1043 ;;                  1    wreg      void 
  1044 ;; Registers used:
  1045 ;;		None
  1046 ;; Tracked objects:
  1047 ;;		On entry : 0/0
  1048 ;;		On exit  : 0/0
  1049 ;;		Unchanged: 0/0
  1050 ;; Data sizes:     COMMON   BANK0   BANK1   BANK3   BANK2
  1051 ;;      Params:         0       0       0       0       0
  1052 ;;      Locals:         0       0       0       0       0
  1053 ;;      Temps:          0       0       0       0       0
  1054 ;;      Totals:         0       0       0       0       0
  1055 ;;Total ram usage:        0 bytes
  1056 ;; Hardware stack levels used: 1
  1057 ;; Hardware stack levels required when called: 2
  1058 ;; This function calls:
  1059 ;;		Nothing
  1060 ;; This function is called by:
  1061 ;;		_main
  1062 ;; This function uses a non-reentrant model
  1063 ;;
  1064                           
  1065                           
  1066                           ;psect for function _config_int
  1067  014A                     _config_int:
  1068  014A                     l887:	
  1069                           ;incstack = 0
  1070                           ; Regs used in _config_int: []
  1071                           
  1072                           
  1073                           ;D2_SPI_Slave3.c: 150:     INTCONbits.GIE = 1;
  1074  014A  178B               	bsf	11,7	;volatile
  1075                           
  1076                           ;D2_SPI_Slave3.c: 151:     INTCONbits.PEIE = 1;
  1077  014B  170B               	bsf	11,6	;volatile
  1078                           
  1079                           ;D2_SPI_Slave3.c: 152:     PIE1bits.ADIE = 1;
  1080  014C  1683               	bsf	3,5	;RP0=1, select bank1
  1081  014D  1303               	bcf	3,6	;RP1=0, select bank1
  1082  014E  170C               	bsf	12,6	;volatile
  1083                           
  1084                           ;D2_SPI_Slave3.c: 153:     PIR1bits.ADIF = 0;
  1085  014F  1283               	bcf	3,5	;RP0=0, select bank0
  1086  0150  1303               	bcf	3,6	;RP1=0, select bank0
  1087  0151  130C               	bcf	12,6	;volatile
  1088  0152                     l91:	
  1089                           ;D2_SPI_Slave3.c: 154:     return;
  1090                           
  1091  0152  0008               	return
  1092  0153                     __end_of_config_int:
  1093                           
  1094                           	psect	text7
  1095  00FD                     __ptext7:	
  1096 ;; *************** function _config_adc *****************
  1097 ;; Defined at:
  1098 ;;		line 157 in file "D2_SPI_Slave3.c"
  1099 ;; Parameters:    Size  Location     Type
  1100 ;;		None
  1101 ;; Auto vars:     Size  Location     Type
  1102 ;;		None
  1103 ;; Return value:  Size  Location     Type
  1104 ;;                  1    wreg      void 
  1105 ;; Registers used:
  1106 ;;		wreg, status,2, status,0
  1107 ;; Tracked objects:
  1108 ;;		On entry : 0/0
  1109 ;;		On exit  : 0/0
  1110 ;;		Unchanged: 0/0
  1111 ;; Data sizes:     COMMON   BANK0   BANK1   BANK3   BANK2
  1112 ;;      Params:         0       0       0       0       0
  1113 ;;      Locals:         0       0       0       0       0
  1114 ;;      Temps:          1       0       0       0       0
  1115 ;;      Totals:         1       0       0       0       0
  1116 ;;Total ram usage:        1 bytes
  1117 ;; Hardware stack levels used: 1
  1118 ;; Hardware stack levels required when called: 2
  1119 ;; This function calls:
  1120 ;;		Nothing
  1121 ;; This function is called by:
  1122 ;;		_main
  1123 ;; This function uses a non-reentrant model
  1124 ;;
  1125                           
  1126                           
  1127                           ;psect for function _config_adc
  1128  00FD                     _config_adc:
  1129  00FD                     l899:	
  1130                           ;incstack = 0
  1131                           ; Regs used in _config_adc: [wreg+status,2+status,0]
  1132                           
  1133                           
  1134                           ;D2_SPI_Slave3.c: 159:     ADCON1bits.ADFM = 1;
  1135  00FD  1683               	bsf	3,5	;RP0=1, select bank1
  1136  00FE  1303               	bcf	3,6	;RP1=0, select bank1
  1137  00FF  179F               	bsf	31,7	;volatile
  1138                           
  1139                           ;D2_SPI_Slave3.c: 160:     ADCON1bits.VCFG0 = 0;
  1140  0100  121F               	bcf	31,4	;volatile
  1141                           
  1142                           ;D2_SPI_Slave3.c: 161:     ADCON1bits.VCFG1 = 0;
  1143  0101  129F               	bcf	31,5	;volatile
  1144  0102                     l901:
  1145                           
  1146                           ;D2_SPI_Slave3.c: 163:     ADCON0bits.ADCS = 0b01;
  1147  0102  1283               	bcf	3,5	;RP0=0, select bank0
  1148  0103  1303               	bcf	3,6	;RP1=0, select bank0
  1149  0104  081F               	movf	31,w	;volatile
  1150  0105  393F               	andlw	-193
  1151  0106  3840               	iorlw	64
  1152  0107  009F               	movwf	31	;volatile
  1153                           
  1154                           ;D2_SPI_Slave3.c: 164:     ADCON0bits.CHS = 12;
  1155  0108  081F               	movf	31,w	;volatile
  1156  0109  39C3               	andlw	-61
  1157  010A  3830               	iorlw	48
  1158  010B  009F               	movwf	31	;volatile
  1159  010C                     l903:
  1160                           
  1161                           ;D2_SPI_Slave3.c: 165:     ADCON0bits.ADON = 1;
  1162  010C  141F               	bsf	31,0	;volatile
  1163  010D                     l905:
  1164                           
  1165                           ;D2_SPI_Slave3.c: 166:     _delay((unsigned long)((50)*(4000000/4000000.0)));
  1166  010D  3010               	movlw	16
  1167  010E  00F4               	movwf	??_config_adc
  1168  010F                     u297:
  1169  010F  0BF4               	decfsz	??_config_adc,f
  1170  0110  290F               	goto	u297
  1171  0111  0000               	nop
  1172  0112                     l907:
  1173                           
  1174                           ;D2_SPI_Slave3.c: 168:     ADCON0bits.GO = 1;
  1175  0112  1283               	bcf	3,5	;RP0=0, select bank0
  1176  0113  1303               	bcf	3,6	;RP1=0, select bank0
  1177  0114  149F               	bsf	31,1	;volatile
  1178  0115                     l94:
  1179  0115  0008               	return
  1180  0116                     __end_of_config_adc:
  1181                           
  1182                           	psect	text8
  1183  0071                     __ptext8:	
  1184 ;; *************** function _isr *****************
  1185 ;; Defined at:
  1186 ;;		line 58 in file "D2_SPI_Slave3.c"
  1187 ;; Parameters:    Size  Location     Type
  1188 ;;		None
  1189 ;; Auto vars:     Size  Location     Type
  1190 ;;		None
  1191 ;; Return value:  Size  Location     Type
  1192 ;;                  1    wreg      void 
  1193 ;; Registers used:
  1194 ;;		wreg, pclath, cstack
  1195 ;; Tracked objects:
  1196 ;;		On entry : 0/0
  1197 ;;		On exit  : 0/0
  1198 ;;		Unchanged: 0/0
  1199 ;; Data sizes:     COMMON   BANK0   BANK1   BANK3   BANK2
  1200 ;;      Params:         0       0       0       0       0
  1201 ;;      Locals:         0       0       0       0       0
  1202 ;;      Temps:          4       0       0       0       0
  1203 ;;      Totals:         4       0       0       0       0
  1204 ;;Total ram usage:        4 bytes
  1205 ;; Hardware stack levels used: 1
  1206 ;; Hardware stack levels required when called: 1
  1207 ;; This function calls:
  1208 ;;		_spi_Read
  1209 ;; This function is called by:
  1210 ;;		Interrupt level 1
  1211 ;; This function uses a non-reentrant model
  1212 ;;
  1213                           
  1214                           
  1215                           ;psect for function _isr
  1216  0071                     _isr:
  1217  0071                     i1l917:
  1218                           
  1219                           ;D2_SPI_Slave3.c: 60:     if(PIR1bits.ADIF)
  1220  0071  1283               	bcf	3,5	;RP0=0, select bank0
  1221  0072  1303               	bcf	3,6	;RP1=0, select bank0
  1222  0073  1F0C               	btfss	12,6	;volatile
  1223  0074  2876               	goto	u16_21
  1224  0075  2877               	goto	u16_20
  1225  0076                     u16_21:
  1226  0076  2893               	goto	i1l923
  1227  0077                     u16_20:
  1228  0077                     i1l919:
  1229                           
  1230                           ;D2_SPI_Slave3.c: 61:     {;D2_SPI_Slave3.c: 62:         adres_aux = ADRESH;
  1231  0077  081E               	movf	30,w	;volatile
  1232  0078  00F0               	movwf	??_isr
  1233  0079  01F1               	clrf	??_isr+1
  1234  007A  0870               	movf	??_isr,w
  1235  007B  00AE               	movwf	_adres_aux
  1236  007C  0871               	movf	??_isr+1,w
  1237  007D  00AF               	movwf	_adres_aux+1
  1238                           
  1239                           ;D2_SPI_Slave3.c: 63:         adres_aux = adres_aux << 8;
  1240  007E  082E               	movf	_adres_aux,w
  1241  007F  00F1               	movwf	??_isr+1
  1242  0080  01F0               	clrf	??_isr
  1243  0081  0870               	movf	??_isr,w
  1244  0082  00AE               	movwf	_adres_aux
  1245  0083  0871               	movf	??_isr+1,w
  1246  0084  00AF               	movwf	_adres_aux+1
  1247                           
  1248                           ;D2_SPI_Slave3.c: 64:         adres_aux = adres_aux | ADRESL;
  1249  0085  082E               	movf	_adres_aux,w
  1250  0086  1683               	bsf	3,5	;RP0=1, select bank1
  1251  0087  1303               	bcf	3,6	;RP1=0, select bank1
  1252  0088  041E               	iorwf	30,w	;volatile
  1253  0089  00F0               	movwf	??_isr
  1254  008A  1283               	bcf	3,5	;RP0=0, select bank0
  1255  008B  1303               	bcf	3,6	;RP1=0, select bank0
  1256  008C  082F               	movf	_adres_aux+1,w
  1257  008D  00F1               	movwf	??_isr+1
  1258  008E  0870               	movf	??_isr,w
  1259  008F  00AE               	movwf	_adres_aux
  1260  0090  0871               	movf	??_isr+1,w
  1261  0091  00AF               	movwf	_adres_aux+1
  1262  0092                     i1l921:
  1263                           
  1264                           ;D2_SPI_Slave3.c: 65:         PIR1bits.ADIF = 0;
  1265  0092  130C               	bcf	12,6	;volatile
  1266  0093                     i1l923:
  1267                           
  1268                           ;D2_SPI_Slave3.c: 68:     if(PIR1bits.SSPIF)
  1269  0093  1D8C               	btfss	12,3	;volatile
  1270  0094  2896               	goto	u17_21
  1271  0095  2897               	goto	u17_20
  1272  0096                     u17_21:
  1273  0096  28A4               	goto	i1l69
  1274  0097                     u17_20:
  1275  0097                     i1l925:
  1276                           
  1277                           ;D2_SPI_Slave3.c: 69:     {;D2_SPI_Slave3.c: 70:         lectura = spi_Read();
  1278  0097  120A  118A  2140  120A  118A  	fcall	_spi_Read
  1279  009C  00F0               	movwf	??_isr
  1280  009D  0870               	movf	??_isr,w
  1281  009E  00F9               	movwf	_lectura
  1282  009F                     i1l927:
  1283                           
  1284                           ;D2_SPI_Slave3.c: 71:         SSPBUF = adres_map;
  1285  009F  1283               	bcf	3,5	;RP0=0, select bank0
  1286  00A0  1303               	bcf	3,6	;RP1=0, select bank0
  1287  00A1  082C               	movf	_adres_map,w
  1288  00A2  0093               	movwf	19	;volatile
  1289  00A3                     i1l929:
  1290                           
  1291                           ;D2_SPI_Slave3.c: 72:         PIR1bits.SSPIF = 0;
  1292  00A3  118C               	bcf	12,3	;volatile
  1293  00A4                     i1l69:
  1294  00A4  0873               	movf	??_isr+3,w
  1295  00A5  008A               	movwf	10
  1296  00A6  0E72               	swapf	??_isr+2,w
  1297  00A7  0083               	movwf	3
  1298  00A8  0EFE               	swapf	btemp,f
  1299  00A9  0E7E               	swapf	btemp,w
  1300  00AA  0009               	retfie
  1301  00AB                     __end_of_isr:
  1302                           
  1303                           	psect	intentry
  1304  0004                     __pintentry:	
  1305                           ;incstack = 0
  1306                           ; Regs used in _isr: [wreg+pclath+cstack]
  1307                           
  1308  0004                     interrupt_function:
  1309  007E                     saved_w	set	btemp
  1310  0004  00FE               	movwf	btemp
  1311  0005  0E03               	swapf	3,w
  1312  0006  00F2               	movwf	??_isr+2
  1313  0007  080A               	movf	10,w
  1314  0008  00F3               	movwf	??_isr+3
  1315  0009  120A  118A  2871   	ljmp	_isr
  1316                           
  1317                           	psect	text9
  1318  0140                     __ptext9:	
  1319 ;; *************** function _spi_Read *****************
  1320 ;; Defined at:
  1321 ;;		line 27 in file "SPI.c"
  1322 ;; Parameters:    Size  Location     Type
  1323 ;;		None
  1324 ;; Auto vars:     Size  Location     Type
  1325 ;;		None
  1326 ;; Return value:  Size  Location     Type
  1327 ;;                  1    wreg      unsigned char 
  1328 ;; Registers used:
  1329 ;;		wreg
  1330 ;; Tracked objects:
  1331 ;;		On entry : 0/0
  1332 ;;		On exit  : 0/0
  1333 ;;		Unchanged: 0/0
  1334 ;; Data sizes:     COMMON   BANK0   BANK1   BANK3   BANK2
  1335 ;;      Params:         0       0       0       0       0
  1336 ;;      Locals:         0       0       0       0       0
  1337 ;;      Temps:          0       0       0       0       0
  1338 ;;      Totals:         0       0       0       0       0
  1339 ;;Total ram usage:        0 bytes
  1340 ;; Hardware stack levels used: 1
  1341 ;; This function calls:
  1342 ;;		Nothing
  1343 ;; This function is called by:
  1344 ;;		_isr
  1345 ;; This function uses a non-reentrant model
  1346 ;;
  1347                           
  1348                           
  1349                           ;psect for function _spi_Read
  1350  0140                     _spi_Read:
  1351  0140                     i1l849:	
  1352                           ;incstack = 0
  1353                           ; Regs used in _spi_Read: [wreg]
  1354                           
  1355  0140                     i1l116:	
  1356                           ;SPI.c: 29:     while (!SSPSTATbits.BF);
  1357                           
  1358  0140  1683               	bsf	3,5	;RP0=1, select bank1
  1359  0141  1303               	bcf	3,6	;RP1=0, select bank1
  1360  0142  1C14               	btfss	20,0	;volatile
  1361  0143  2945               	goto	u15_21
  1362  0144  2946               	goto	u15_20
  1363  0145                     u15_21:
  1364  0145  2940               	goto	i1l116
  1365  0146                     u15_20:
  1366  0146                     i1l851:
  1367                           
  1368                           ;SPI.c: 30:     return SSPBUF;
  1369  0146  1283               	bcf	3,5	;RP0=0, select bank0
  1370  0147  1303               	bcf	3,6	;RP1=0, select bank0
  1371  0148  0813               	movf	19,w	;volatile
  1372  0149                     i1l119:
  1373  0149  0008               	return
  1374  014A                     __end_of_spi_Read:
  1375  007E                     btemp	set	126	;btemp
  1376  007E                     wtemp0	set	126
  1377                           
  1378                           	psect	config
  1379                           
  1380                           ;Config register CONFIG1 @ 0x2007
  1381                           ;	Oscillator Selection bits
  1382                           ;	FOSC = INTRC_NOCLKOUT, INTOSCIO oscillator: I/O function on RA6/OSC2/CLKOUT pin, I/O f
      +                          unction on RA7/OSC1/CLKIN
  1383                           ;	Watchdog Timer Enable bit
  1384                           ;	WDTE = OFF, WDT disabled and can be enabled by SWDTEN bit of the WDTCON register
  1385                           ;	Power-up Timer Enable bit
  1386                           ;	PWRTE = OFF, PWRT disabled
  1387                           ;	RE3/MCLR pin function select bit
  1388                           ;	MCLRE = OFF, RE3/MCLR pin function is digital input, MCLR internally tied to VDD
  1389                           ;	Code Protection bit
  1390                           ;	CP = OFF, Program memory code protection is disabled
  1391                           ;	Data Code Protection bit
  1392                           ;	CPD = OFF, Data memory code protection is disabled
  1393                           ;	Brown Out Reset Selection bits
  1394                           ;	BOREN = OFF, BOR disabled
  1395                           ;	Internal External Switchover bit
  1396                           ;	IESO = OFF, Internal/External Switchover mode is disabled
  1397                           ;	Fail-Safe Clock Monitor Enabled bit
  1398                           ;	FCMEN = OFF, Fail-Safe Clock Monitor is disabled
  1399                           ;	Low Voltage Programming Enable bit
  1400                           ;	LVP = OFF, RB3 pin has digital I/O, HV on MCLR must be used for programming
  1401                           ;	In-Circuit Debugger Mode bit
  1402                           ;	DEBUG = 0x1, unprogrammed default
  1403  2007                     	org	8199
  1404  2007  20D4               	dw	8404
  1405                           
  1406                           ;Config register CONFIG2 @ 0x2008
  1407                           ;	Brown-out Reset Selection bit
  1408                           ;	BOR4V = BOR40V, Brown-out Reset set to 4.0V
  1409                           ;	Flash Program Memory Self Write Enable bits
  1410                           ;	WRT = OFF, Write protection off
  1411  2008                     	org	8200
  1412  2008  3FFF               	dw	16383

Data Sizes:
    Strings     0
    Constant    0
    Data        0
    BSS         5
    Persistent  0
    Stack       0

Auto Spaces:
    Space          Size  Autos    Used
    COMMON           14      9      10
    BANK0            80     12      16
    BANK1            80      0       0
    BANK3            96      0       0
    BANK2            96      0       0

Pointer List with Targets:

    None.

Critical Paths under _main in COMMON

    _map->___wmul

Critical Paths under _isr in COMMON

    None.

Critical Paths under _main in BANK0

    _main->_map
    _map->___wmul

Critical Paths under _isr in BANK0

    None.

Critical Paths under _main in BANK1

    None.

Critical Paths under _isr in BANK1

    None.

Critical Paths under _main in BANK3

    None.

Critical Paths under _isr in BANK3

    None.

Critical Paths under _main in BANK2

    None.

Critical Paths under _isr in BANK2

    None.

Call Graph Tables:

 ---------------------------------------------------------------------------------
 (Depth) Function   	        Calls       Base Space   Used Autos Params    Refs
 ---------------------------------------------------------------------------------
 (0) _main                                                 1     1      0     471
                                              8 COMMON     1     1      0
                         _config_adc
                         _config_int
                          _config_io
                       _config_reloj
                                _map
                          _spi_Slave
 ---------------------------------------------------------------------------------
 (1) _spi_Slave                                            0     0      0       0
 ---------------------------------------------------------------------------------
 (1) _map                                                 10     6      4     471
                                              2 BANK0     10     6      4
                             ___wmul
 ---------------------------------------------------------------------------------
 (2) ___wmul                                               6     2      4     316
                                              4 COMMON     4     0      4
                                              0 BANK0      2     2      0
 ---------------------------------------------------------------------------------
 (1) _config_reloj                                         0     0      0       0
 ---------------------------------------------------------------------------------
 (1) _config_io                                            0     0      0       0
 ---------------------------------------------------------------------------------
 (1) _config_int                                           0     0      0       0
 ---------------------------------------------------------------------------------
 (1) _config_adc                                           1     1      0       0
                                              4 COMMON     1     1      0
 ---------------------------------------------------------------------------------
 Estimated maximum stack depth 2
 ---------------------------------------------------------------------------------
 (Depth) Function   	        Calls       Base Space   Used Autos Params    Refs
 ---------------------------------------------------------------------------------
 (3) _isr                                                  4     4      0       0
                                              0 COMMON     4     4      0
                           _spi_Read
 ---------------------------------------------------------------------------------
 (4) _spi_Read                                             0     0      0       0
 ---------------------------------------------------------------------------------
 Estimated maximum stack depth 4
 ---------------------------------------------------------------------------------

 Call Graph Graphs:

 _main (ROOT)
   _config_adc
   _config_int
   _config_io
   _config_reloj
   _map
     ___wmul
   _spi_Slave

 _isr (ROOT)
   _spi_Read

 Address spaces:
Name               Size   Autos  Total    Cost      Usage
BITCOMMON            E      0       0       0        0.0%
EEDATA             100      0       0       0        0.0%
NULL                 0      0       0       0        0.0%
CODE                 0      0       0       0        0.0%
COMMON               E      9       A       1       71.4%
BITSFR0              0      0       0       1        0.0%
SFR0                 0      0       0       1        0.0%
BITSFR1              0      0       0       2        0.0%
SFR1                 0      0       0       2        0.0%
STACK                0      0       0       2        0.0%
ABS                  0      0      1A       3        0.0%
BITBANK0            50      0       0       4        0.0%
BITSFR3              0      0       0       4        0.0%
SFR3                 0      0       0       4        0.0%
BANK0               50      C      10       5       20.0%
BITSFR2              0      0       0       5        0.0%
SFR2                 0      0       0       5        0.0%
BITBANK1            50      0       0       6        0.0%
BANK1               50      0       0       7        0.0%
BITBANK3            60      0       0       8        0.0%
BANK3               60      0       0       9        0.0%
BITBANK2            60      0       0      10        0.0%
BANK2               60      0       0      11        0.0%
DATA                 0      0      1A      12        0.0%


Microchip Technology PIC Macro Assembler V2.32 build 20210201212658 
Symbol Table                                                                                   Thu Feb 17 04:58:12 2022

            _SSPSTATbits 0094                       l91 0152                       l85 012C  
                     l94 0115                       l78 006A                       l88 0159  
                     l97 00FC      ___wmul@multiplicand 0076                      l113 013F  
                    l205 00BB                      l207 00D5                      l901 0102  
                    l903 010C                      l905 010D                      l907 0112  
                    l861 011B                      l871 0122                      l863 011E  
                    l855 0153                      l881 0129                      l873 0123  
                    l865 011F                      l857 0116                      l961 00C9  
                    l953 00AB                      l883 012A                      l875 0124  
                    l867 0120                      l859 0119                      l963 00CF  
                    l955 00AF                      l891 0135                      l885 012B  
                    l877 0125                      l869 0121                      l957 00B3  
                    l893 0139                      l981 0039                      l973 001A  
                    l887 014A                      l879 0126                      l959 00C2  
                    l967 00D6                      l895 013C                      l991 005D  
                    l983 003E                      l975 001F                      l969 00F4  
                    l889 012D                      l993 0066                      l985 0041  
                    l977 0024                      l899 00FD                      l987 0050  
                    l979 0033                      l989 0059                      u210 00B3  
                    u211 00B2                      u240 00CF                      u241 00CE  
                    u225 00BC                      u250 0039                      u235 00C3  
                    u251 0038                      u260 0059                      u261 0058  
                    u270 0066                      u271 0065                      u287 003B  
                    u297 010F                      _map 00D6                      _isr 0071  
                   ?_map 0022                     ?_isr 0070                     i1l69 00A4  
                   _main 001A                     btemp 007E           ??_config_reloj 0074  
                   start 000C                    ??_map 0026                    ??_isr 0070  
                  ?_main 0070                    _ANSEL 0188                    i1l116 0140  
                  i1l119 0149                    i1l921 0092                    i1l851 0146  
                  i1l923 0093                    i1l925 0097                    i1l917 0071  
                  i1l927 009F                    i1l919 0077                    i1l849 0140  
                  i1l929 00A3                    u15_20 0146                    u15_21 0145  
                  u16_20 0077                    u16_21 0076                    u17_20 0097  
                  u17_21 0096                    _PORTA 0005                    _PORTB 0006  
                  _PORTC 0007                    _PORTD 0008                    _TRISD 0088  
                  pclath 000A                    status 0003                    wtemp0 007E  
        __initialization 000F             __end_of_main 0071                   ??_main 0078  
                 _ADRESH 001E                   _ADRESL 009E                   _ANSELH 0189  
                 _SSPBUF 0013                   ___wmul 00AB                   map@res 0028  
                 map@num 0022         __end_of_spi_Read 014A     __end_of_config_reloj 015A  
                 saved_w 007E  __end_of__initialization 0016           __pcstackCOMMON 0070  
     __size_of_config_io 0017               __pbssBANK0 002C               __pmaintext 001A  
                ?___wmul 0074               __pintentry 0004       __size_of_spi_Slave 0013  
             _config_adc 00FD               _config_int 014A                ?_spi_Read 0070  
      __end_of_config_io 012D          __size_of___wmul 002B    __size_of_config_reloj 0007  
                __ptext1 012D                  __ptext2 00D6                  __ptext3 00AB  
                __ptext4 0153                  __ptext5 0116                  __ptext6 014A  
                __ptext7 00FD                  __ptext8 0071                  __ptext9 0140  
                _lectura 0079             __size_of_map 0027             __size_of_isr 003A  
   end_of_initialization 0016        __end_of_spi_Slave 0140             _config_reloj 0153  
             ??_spi_Read 0070                _PORTBbits 0006              ?_config_adc 0070  
              _TRISAbits 0085              ?_config_int 0070                _TRISBbits 0086  
              _TRISCbits 0087           __end_of___wmul 00D6      start_initialization 000F  
            __end_of_map 00FD              __end_of_isr 00AB      __size_of_config_adc 0019  
    __size_of_config_int 0009                 ??___wmul 0078              __pbssCOMMON 0079  
              ___latbits 0002            __pcstackBANK0 0020                _adres_aux 002E  
              _adres_map 002C        __size_of_spi_Read 000A                _config_io 0116  
      interrupt_function 0004           ___wmul@product 0020                 _PIE1bits 008C  
               _PIR1bits 000C                _spi_Slave 012D               ?_config_io 0070  
             _ADCON0bits 001F               _ADCON1bits 009F        ___wmul@multiplier 0074  
           ??_config_adc 0074             ??_config_int 0074               ?_spi_Slave 0070  
     __end_of_config_adc 0116       __end_of_config_int 0153            __size_of_main 0057  
               _spi_Read 0140              ??_config_io 0074               _INTCONbits 000B  
               intlevel1 0000               _OSCCONbits 008F              ??_spi_Slave 0074  
             _SSPCONbits 0014            ?_config_reloj 0070  
